

23 Jun 2017 11:14:21
Номер команды: 1
Message sent!


26 Jun 2017 11:42:13
Номер команды: 1
Message sent!


26 Jun 2017 18:18:26
Номер команды: 2
Message sent!


27 Jun 2017 13:08:00
Номер команды: 3
Message sent!


28 Jun 2017 19:01:17
Номер команды: 4
Message sent!


29 Jun 2017 13:52:01
Номер команды: 5
Message sent!


01 Jul 2017 14:36:25
Номер команды: 6
Message sent!


02 Jul 2017 13:53:40
Номер команды: 7
Message sent!


05 Jul 2017 00:02:35
Номер команды: 8
Message sent!


06 Jul 2017 13:24:04
Номер команды: 9
Message sent!


08 Jul 2017 17:04:03
Номер команды: 10
Message sent!


09 Jul 2017 18:27:43
Номер команды: 11
Message sent!


09 Jul 2017 19:07:22
Номер команды: 12
Message sent!


10 Jul 2017 12:34:30
Номер команды: 13
Message sent!


11 Jul 2017 10:22:01
Номер команды: 14
Message sent!


11 Jul 2017 10:32:12
Номер команды: 10
Message sent!


15 Jul 2017 01:50:05
Номер команды: 8
Message sent!


15 Jul 2017 22:49:27
Номер команды: 11
Message sent!


19 Jul 2017 14:11:02
Номер команды: 15
Message sent!


21 Jul 2017 11:50:21
Номер команды: 16
Message sent!


23 Jul 2017 07:36:32
Номер команды: 17
Message sent!


23 Jul 2017 13:52:16
Номер команды: 18
Message sent!


24 Jul 2017 14:11:57
Номер команды: 19
Message sent!


24 Jul 2017 18:46:27
Номер команды: 20
Message sent!


27 Jul 2017 11:35:48
Номер команды: 21
Message sent!


28 Jul 2017 11:28:30
Номер команды: 22
Message sent!


29 Jul 2017 21:50:12
Номер команды: 22
Message sent!


30 Jul 2017 13:30:06
Номер команды: 23
Message sent!


30 Jul 2017 20:17:28
Номер команды: 24
Message sent!


30 Jul 2017 20:47:51
Номер команды: 25
Message sent!


31 Jul 2017 14:15:28
Номер команды: 24
Message sent!


31 Jul 2017 15:20:48
Номер команды: 26
Message sent!


01 Aug 2017 14:27:42
Номер команды: 27
Message sent!


01 Aug 2017 19:25:01
Номер команды: 28
Message sent!


01 Aug 2017 22:10:45
Номер команды: 28
Message sent!


02 Aug 2017 00:06:29
Номер команды: 29
Message sent!


04 Aug 2017 07:44:44
Номер команды: 30
Message sent!


04 Aug 2017 20:50:05
Номер команды: 31
Message sent!


05 Aug 2017 10:36:59
Номер команды: 32
Message sent!


06 Aug 2017 13:09:45
Номер команды: 33
Message sent!


06 Aug 2017 21:20:46
Номер команды: 34
Message sent!


07 Aug 2017 10:31:46
Номер команды: 35
Message sent!


07 Aug 2017 13:08:30
Номер команды: 36
Message sent!


07 Aug 2017 16:23:53
Номер команды: 37
Message sent!


07 Aug 2017 16:32:07
Номер команды: 38
Message sent!


07 Aug 2017 23:00:25
Номер команды: 39
Message sent!


08 Aug 2017 11:04:25
Номер команды: 40
Message sent!


09 Aug 2017 14:15:21
Номер команды: 41
Message sent!


09 Aug 2017 19:44:49
Номер команды: 42
Message sent!


09 Aug 2017 20:45:16
Номер команды: 43
Message sent!


09 Aug 2017 20:49:54
Номер команды: 43
Message sent!


09 Aug 2017 22:13:45
Номер команды: 44
Message sent!


09 Aug 2017 22:18:00
Номер команды: 45
Message sent!


10 Aug 2017 01:34:01
Номер команды: 46
Message sent!


10 Aug 2017 07:38:37
Номер команды: 28
Message sent!


10 Aug 2017 07:40:29
Номер команды: 28
Message sent!


10 Aug 2017 15:17:59
Номер команды: 31
Message sent!


10 Aug 2017 19:08:30
Номер команды: 47
Message sent!


10 Aug 2017 19:28:27
Номер команды: 48
Message sent!


10 Aug 2017 21:43:57
Номер команды: 49
Message sent!


10 Aug 2017 22:24:40
Номер команды: 50
Message sent!


10 Aug 2017 23:47:23
Номер команды: 51
Message sent!


11 Aug 2017 00:14:34
Номер команды: 52
Message sent!


11 Aug 2017 10:19:31
Номер команды: 53
Message sent!


11 Aug 2017 12:39:44
Номер команды: 54
Message sent!


11 Aug 2017 16:41:16
Номер команды: 55
Message sent!


11 Aug 2017 17:31:42
Номер команды: 2
Message sent!


11 Aug 2017 22:22:23
Номер команды: 56
Message sent!


11 Aug 2017 23:12:43
Номер команды: 57
Message sent!


12 Aug 2017 08:58:35
Номер команды: 58
Message sent!


12 Aug 2017 20:35:01
Номер команды: 59
Message sent!


12 Aug 2017 21:32:49
Номер команды: 56
Message sent!


12 Aug 2017 23:27:31
Номер команды: 60
Message sent!


13 Aug 2017 09:25:53
Номер команды: 61
Message sent!


13 Aug 2017 09:32:26
Номер команды: 61
Message sent!


13 Aug 2017 10:39:40
Номер команды: 62
Message sent!


13 Aug 2017 10:57:39
Номер команды: 63
Message sent!


13 Aug 2017 11:15:15
Номер команды: 64
Message sent!


13 Aug 2017 12:28:11
Номер команды: 65
Message sent!


13 Aug 2017 12:38:40
Номер команды: 65
Message sent!


13 Aug 2017 12:43:44
Номер команды: 66
Message sent!


13 Aug 2017 13:05:56
Номер команды: 67
Message sent!


13 Aug 2017 13:11:16
Номер команды: 68
Message sent!


13 Aug 2017 14:49:12
Номер команды: 69
Message sent!


13 Aug 2017 15:42:23
Номер команды: 70
Message sent!


13 Aug 2017 15:51:37
Номер команды: 71
Message sent!


13 Aug 2017 16:34:10
Номер команды: 72
Message sent!


13 Aug 2017 17:17:56
Номер команды: 60
Message sent!


13 Aug 2017 18:52:37
Номер команды: 73
Message sent!


13 Aug 2017 20:47:08
Номер команды: 74
Message sent!


13 Aug 2017 21:01:35
Номер команды: 75
Message sent!


13 Aug 2017 21:32:49
Номер команды: 16
Message sent!


13 Aug 2017 22:09:35
Номер команды: 49
Message sent!


13 Aug 2017 22:13:13
Номер команды: 49
Message sent!


13 Aug 2017 23:47:55
Номер команды: 73
Message sent!


14 Aug 2017 09:48:35
Номер команды: 76
Message sent!


14 Aug 2017 09:52:15
Номер команды: 77
Message sent!


14 Aug 2017 10:16:39
Номер команды: 78
Message sent!


14 Aug 2017 10:53:13
Номер команды: 79
Message sent!


14 Aug 2017 10:58:02
Номер команды: 80
Message sent!


14 Aug 2017 11:19:04
Номер команды: 81
Message sent!


14 Aug 2017 11:37:11
Номер команды: 82
Message sent!


14 Aug 2017 11:49:40
Номер команды: 11
Message sent!


14 Aug 2017 12:10:30
Номер команды: 82
Message sent!


14 Aug 2017 12:17:44
Номер команды: 83
Message sent!


14 Aug 2017 13:51:27
Номер команды: 84
Message sent!


14 Aug 2017 14:00:03
Номер команды: 85
Message sent!


14 Aug 2017 15:11:34
Номер команды: 86
Message sent!


14 Aug 2017 15:55:38
Номер команды: 87
Message sent!


14 Aug 2017 15:59:45
Номер команды: 88
Message sent!


14 Aug 2017 16:15:06
Номер команды: 87
Message sent!


14 Aug 2017 18:38:03
Номер команды: 64
Message sent!


14 Aug 2017 18:52:19
Номер команды: 89
Message sent!


14 Aug 2017 18:57:46
Номер команды: 90
Message sent!


14 Aug 2017 19:02:23
Номер команды: 49
Message sent!


14 Aug 2017 19:03:03
Номер команды: 49
Message sent!


14 Aug 2017 19:04:41
Номер команды: 49
Message sent!


14 Aug 2017 20:37:31
Номер команды: 91
Message sent!


14 Aug 2017 20:41:12
Номер команды: 92
Message sent!


14 Aug 2017 20:47:08
Номер команды: 93
Message sent!


14 Aug 2017 20:52:34
Номер команды: 64
Message sent!


14 Aug 2017 21:13:12
Номер команды: 94
Message sent!


14 Aug 2017 21:31:29
Номер команды: 95
Message sent!


14 Aug 2017 21:32:58
Номер команды: 96
Message sent!


14 Aug 2017 22:08:19
Номер команды: 97
Message sent!


14 Aug 2017 22:19:06
Номер команды: 98
Message sent!


14 Aug 2017 22:48:00
Номер команды: 99
Message sent!


14 Aug 2017 22:59:26
Номер команды: 100
Message sent!


14 Aug 2017 23:02:55
Номер команды: 101
Message sent!


14 Aug 2017 23:29:25
Номер команды: 102
Message sent!


14 Aug 2017 23:57:51
Номер команды: 64
Message sent!


15 Aug 2017 07:29:46
Номер команды: 103
Message sent!


15 Aug 2017 09:31:15
Номер команды: 5
Message sent!


15 Aug 2017 09:32:28
Номер команды: 7
Message sent!


15 Aug 2017 09:33:01
Номер команды: 9
Message sent!


15 Aug 2017 09:33:38
Номер команды: 10
Message sent!


15 Aug 2017 09:34:09
Номер команды: 13
Message sent!


15 Aug 2017 09:34:42
Номер команды: 15
Message sent!


15 Aug 2017 09:35:12
Номер команды: 25
Message sent!


15 Aug 2017 09:35:39
Номер команды: 26
Message sent!


15 Aug 2017 09:36:02
Номер команды: 27
Message sent!


15 Aug 2017 09:37:17
Номер команды: 32
Message sent!


15 Aug 2017 09:37:52
Номер команды: 48
Message sent!


15 Aug 2017 09:38:27
Номер команды: 55
Message sent!


15 Aug 2017 09:39:02
Номер команды: 61
Message sent!


15 Aug 2017 09:39:27
Номер команды: 62
Message sent!


15 Aug 2017 09:39:46
Номер команды: 63
Message sent!


15 Aug 2017 09:40:11
Номер команды: 64
Message sent!


15 Aug 2017 09:40:37
Номер команды: 67
Message sent!


15 Aug 2017 09:40:55
Номер команды: 68
Message sent!


15 Aug 2017 09:41:20
Номер команды: 69
Message sent!


15 Aug 2017 09:41:49
Номер команды: 70
Message sent!


15 Aug 2017 09:42:17
Номер команды: 71
Message sent!


15 Aug 2017 09:42:40
Номер команды: 73
Message sent!


15 Aug 2017 09:43:13
Номер команды: 80
Message sent!


15 Aug 2017 09:43:40
Номер команды: 82
Message sent!


15 Aug 2017 09:44:07
Номер команды: 83
Message sent!


15 Aug 2017 09:44:39
Номер команды: 86
Message sent!


15 Aug 2017 09:45:02
Номер команды: 89
Message sent!


15 Aug 2017 09:45:26
Номер команды: 90
Message sent!


15 Aug 2017 09:45:53
Номер команды: 96
Message sent!


15 Aug 2017 09:46:22
Номер команды: 98
Message sent!


15 Aug 2017 09:46:52
Номер команды: 101
Message sent!


15 Aug 2017 10:02:40
Номер команды: 48
Message sent!


15 Aug 2017 11:58:29
Номер команды: 9
Message sent!


15 Aug 2017 12:14:19
Номер команды: 9
Message sent!


15 Aug 2017 12:20:28
Номер команды: 9
Message sent!


15 Aug 2017 12:33:52
Номер команды: 81
Message sent!


15 Aug 2017 13:55:45
Номер команды: 104
Message sent!


15 Aug 2017 14:40:27
Номер команды: 105
Message sent!


15 Aug 2017 15:15:31
Номер команды: 106
Message sent!


15 Aug 2017 15:47:18
Номер команды: 107
Message sent!


15 Aug 2017 15:58:53
Номер команды: 108
Message sent!


15 Aug 2017 18:47:47
Номер команды: 109
Message sent!


15 Aug 2017 19:04:08
Номер команды: 110
Message sent!


15 Aug 2017 20:15:30
Номер команды: 111
Message sent!


15 Aug 2017 20:28:44
Номер команды: 104
Message sent!


15 Aug 2017 20:49:02
Номер команды: 64
Message sent!


15 Aug 2017 21:16:12
Номер команды: 112
Message sent!


15 Aug 2017 21:23:03
Номер команды: 113
Message sent!


15 Aug 2017 21:24:03
Номер команды: 114
Message sent!


15 Aug 2017 21:31:02
Номер команды: 115
Message sent!


15 Aug 2017 21:49:23
Номер команды: 111
Message sent!


15 Aug 2017 21:54:33
Номер команды: 116
Message sent!


15 Aug 2017 22:10:17
Номер команды: 86
Message sent!


15 Aug 2017 22:17:13
Номер команды: 116
Message sent!


15 Aug 2017 23:05:06
Номер команды: 117
Message sent!


15 Aug 2017 23:08:06
Номер команды: 117
Message sent!


15 Aug 2017 23:10:11
Номер команды: 114
Message sent!


16 Aug 2017 14:56:01
Номер команды: 102
Message sent!


16 Aug 2017 19:31:44
Номер команды: 118
Message sent!


16 Aug 2017 21:06:01
Номер команды: 60
Message sent!


16 Aug 2017 21:11:03
Номер команды: 60
Message sent!


16 Aug 2017 21:12:56
Номер команды: 119
Message sent!


16 Aug 2017 21:21:45
Номер команды: 119
Message sent!


16 Aug 2017 23:17:32
Номер команды: 119
Message sent!


16 Aug 2017 23:18:15
Номер команды: 119
Message sent!


17 Aug 2017 00:26:03
Номер команды: 120
Message sent!


17 Aug 2017 11:16:55
Номер команды: 120
Message sent!


18 Aug 2017 14:56:40
Номер команды: 121
Message sent!


18 Aug 2017 16:03:07
Номер команды: 122
Message sent!


18 Aug 2017 22:18:35
Номер команды: 123
Message sent!


21 Aug 2017 20:54:00
Номер команды: 124
Message sent!


22 Aug 2017 11:34:58
Номер команды: 125
Message sent!


22 Aug 2017 19:04:14
Номер команды: 109
Message sent!


22 Aug 2017 19:05:20
Номер команды: 109
Message sent!


23 Aug 2017 13:56:02
Номер команды: 126
Message sent!


23 Aug 2017 22:07:09
Номер команды: 28
Message sent!


24 Aug 2017 21:54:56
Номер команды: 127
Message sent!


25 Aug 2017 07:31:51
Номер команды: 128
Message sent!


25 Aug 2017 23:42:34
Номер команды: 129
Message sent!


26 Aug 2017 20:27:35
Номер команды: 130
Message sent!


26 Aug 2017 20:44:35
Номер команды: 32
Message sent!


26 Aug 2017 20:46:08
Номер команды: 130
Message sent!


26 Aug 2017 21:12:04
Номер команды: 131
Message sent!


27 Aug 2017 01:08:14
Номер команды: 132
Message sent!


27 Aug 2017 10:05:56
Номер команды: 133
Message sent!


27 Aug 2017 19:45:34
Номер команды: 134
Message sent!


28 Aug 2017 09:12:20
Номер команды: 52
Message sent!
